{
  "RSpec": {
    "coverage": {
      "/Users/mkfdrumming/Projects/bank_tech_test/spec/bank_account_spec.rb": {
        "lines": [
          1,
          null,
          1,
          null,
          1,
          9,
          9,
          null,
          1,
          1,
          1,
          null,
          null,
          null,
          1,
          1,
          1,
          1,
          null,
          null,
          1,
          1,
          1,
          1,
          null,
          null,
          1,
          2,
          null,
          null,
          1,
          2,
          null,
          null,
          null,
          1,
          1,
          1,
          1,
          1,
          null,
          null,
          1,
          2,
          null,
          null,
          null,
          1,
          1,
          1,
          1,
          null,
          null,
          null
        ]
      },
      "/Users/mkfdrumming/Projects/bank_tech_test/lib/bank_account.rb": {
        "lines": [
          1,
          null,
          1,
          1,
          15,
          15,
          null,
          null,
          1,
          9,
          5,
          5,
          null,
          null,
          1,
          5,
          2,
          2,
          null,
          null,
          1,
          4,
          null,
          null,
          1,
          null,
          1,
          14,
          null,
          null,
          1,
          14,
          null,
          null,
          1,
          14,
          null,
          null,
          1,
          11,
          null,
          null
        ]
      },
      "/Users/mkfdrumming/Projects/bank_tech_test/lib/statement.rb": {
        "lines": [
          1,
          1,
          null,
          1,
          11,
          null,
          null,
          1,
          6,
          6,
          6,
          null,
          null,
          1,
          7,
          null,
          null,
          1,
          null,
          1,
          6,
          6,
          null,
          null,
          1,
          6,
          null,
          null
        ]
      },
      "/Users/mkfdrumming/Projects/bank_tech_test/spec/features/desposit_spec.rb": {
        "lines": [
          1,
          null,
          1,
          null,
          1,
          1,
          3,
          3,
          3,
          null,
          null,
          1,
          1,
          2,
          null,
          null,
          1,
          2,
          null,
          null,
          1,
          2,
          null,
          null
        ]
      },
      "/Users/mkfdrumming/Projects/bank_tech_test/spec/features/statement_spec.rb": {
        "lines": [
          1,
          null,
          1,
          null,
          1,
          1,
          1,
          2,
          null,
          null
        ]
      },
      "/Users/mkfdrumming/Projects/bank_tech_test/spec/features/withdraw_spec.rb": {
        "lines": [
          1,
          null,
          1,
          null,
          1,
          1,
          3,
          3,
          3,
          null,
          null,
          1,
          1,
          2,
          null,
          null,
          1,
          2,
          null,
          null,
          1,
          2,
          null,
          null
        ]
      },
      "/Users/mkfdrumming/Projects/bank_tech_test/spec/statement_spec.rb": {
        "lines": [
          1,
          null,
          1,
          null,
          1,
          1,
          4,
          4,
          4,
          null,
          null,
          1,
          1,
          2,
          null,
          null,
          null,
          1,
          1,
          2,
          null,
          null,
          1,
          1,
          2,
          null,
          null,
          1,
          1,
          1,
          2,
          null,
          null
        ]
      }
    },
    "timestamp": 1630497719
  }
}
