{
  "RSpec": {
    "coverage": {
      "/Users/mkfdrumming/Projects/bank_tech_test/spec/bank_account_spec.rb": {
        "lines": [
          1,
          null,
          1,
          1,
          1,
          1,
          null,
          null,
          null,
          1,
          1,
          1,
          1,
          null,
          null,
          1,
          1,
          1,
          1,
          null,
          null,
          1,
          2,
          null,
          null,
          1,
          2,
          null,
          null,
          null,
          1,
          1,
          1,
          1,
          1,
          null,
          null,
          1,
          2,
          null,
          null,
          null,
          1,
          1,
          null,
          1,
          4,
          4,
          4,
          null,
          null,
          1,
          2,
          null,
          null,
          1,
          1,
          2,
          null,
          null,
          1,
          1,
          2,
          null,
          null,
          1,
          1,
          1,
          2,
          null,
          null,
          null
        ]
      },
      "/Users/mkfdrumming/Projects/bank_tech_test/lib/bank_account.rb": {
        "lines": [
          1,
          1,
          null,
          1,
          11,
          11,
          null,
          null,
          1,
          8,
          6,
          6,
          null,
          null,
          1,
          4,
          3,
          3,
          null,
          null,
          1,
          4,
          null,
          null,
          1,
          null,
          1,
          9,
          9,
          9,
          null,
          null,
          1,
          9,
          9,
          null,
          null,
          1,
          9,
          null,
          null,
          1,
          12,
          null,
          null,
          1,
          12,
          null,
          null,
          1,
          11,
          null,
          null,
          1,
          12,
          null,
          null
        ]
      }
    },
    "timestamp": 1630425407
  }
}
